[1888253.118]  -> wl_display#1.get_registry(new id wl_registry#2)
[1888253.271]  -> wl_display#1.sync(new id wl_callback#3)
[1888257.601] {Display Queue} wl_display#1.delete_id(3)
[1888257.625] wl_registry#2.global(1, "wl_compositor", 6)
[1888258.984]  -> wl_registry#2.bind(1, "wl_compositor", 6, new id [unknown]#4)
[1888259.036] wl_registry#2.global(3, "zwp_tablet_manager_v2", 2)
[1888259.051] wl_registry#2.global(4, "zwp_keyboard_shortcuts_inhibit_manager_v1", 1)
[1888259.056] wl_registry#2.global(5, "zxdg_decoration_manager_v1", 1)
[1888259.253]  -> wl_registry#2.bind(5, "zxdg_decoration_manager_v1", 1, new id [unknown]#5)
[1888259.268] wl_registry#2.global(6, "wp_viewporter", 1)
[1888259.276] wl_registry#2.global(7, "wp_security_context_manager_v1", 1)
[1888259.280] wl_registry#2.global(8, "wp_fractional_scale_manager_v1", 1)
[1888259.284] wl_registry#2.global(9, "wl_shm", 2)
[1888259.688]  -> wl_registry#2.bind(9, "wl_shm", 1, new id [unknown]#6)
[1888260.027] wl_registry#2.global(10, "wl_seat", 10)
[1888260.046]  -> wl_registry#2.bind(10, "wl_seat", 6, new id [unknown]#7)
[1888260.059] wl_registry#2.global(11, "zwp_pointer_gestures_v1", 3)
[1888260.063] wl_registry#2.global(12, "zwp_pointer_constraints_v1", 1)
[1888260.074]  -> wl_registry#2.bind(12, "zwp_pointer_constraints_v1", 1, new id [unknown]#8)
[1888260.080] wl_registry#2.global(13, "zwp_relative_pointer_manager_v1", 1)
[1888260.087]  -> wl_registry#2.bind(13, "zwp_relative_pointer_manager_v1", 1, new id [unknown]#9)
[1888260.092] wl_registry#2.global(14, "wl_data_device_manager", 3)
[1888260.097] wl_registry#2.global(15, "ext_data_control_manager_v1", 1)
[1888260.101] wl_registry#2.global(16, "wp_cursor_shape_manager_v1", 2)
[1888260.105] wl_registry#2.global(17, "zwp_primary_selection_device_manager_v1", 1)
[1888260.108] wl_registry#2.global(18, "org_kde_kwin_idle", 1)
[1888260.112] wl_registry#2.global(19, "zwp_idle_inhibit_manager_v1", 1)
[1888260.115] wl_registry#2.global(20, "ext_idle_notifier_v1", 2)
[1888260.119] wl_registry#2.global(21, "org_kde_plasma_shell", 8)
[1888260.124] wl_registry#2.global(22, "org_kde_kwin_appmenu_manager", 2)
[1888260.128] wl_registry#2.global(23, "org_kde_kwin_server_decoration_palette_manager", 1)
[1888260.131] wl_registry#2.global(25, "org_kde_plasma_virtual_desktop_management", 3)
[1888260.135] wl_registry#2.global(27, "org_kde_kwin_shadow_manager", 2)
[1888260.140] wl_registry#2.global(28, "org_kde_kwin_dpms_manager", 1)
[1888260.144] wl_registry#2.global(29, "org_kde_kwin_server_decoration_manager", 1)
[1888260.147] wl_registry#2.global(30, "kde_output_management_v2", 19)
[1888260.152] wl_registry#2.global(31, "zxdg_output_manager_v1", 3)
[1888260.157] wl_registry#2.global(32, "wl_subcompositor", 1)
[1888260.162]  -> wl_registry#2.bind(32, "wl_subcompositor", 1, new id [unknown]#10)
[1888260.167] wl_registry#2.global(33, "zxdg_exporter_v2", 1)
[1888260.170] wl_registry#2.global(34, "zxdg_importer_v2", 1)
[1888260.174] wl_registry#2.global(37, "xdg_activation_v1", 1)
[1888260.177] wl_registry#2.global(39, "wp_content_type_manager_v1", 1)
[1888260.183] wl_registry#2.global(40, "wp_tearing_control_manager_v1", 1)
[1888260.187] wl_registry#2.global(41, "xdg_toplevel_drag_manager_v1", 1)
[1888260.190] wl_registry#2.global(42, "xdg_toplevel_icon_manager_v1", 1)
[1888260.193] wl_registry#2.global(43, "kde_screen_edge_manager_v1", 1)
[1888260.197] wl_registry#2.global(44, "frog_color_management_factory_v1", 1)
[1888260.200] wl_registry#2.global(45, "wp_presentation", 2)
[1888260.204] wl_registry#2.global(46, "wp_color_manager_v1", 1)
[1888260.207] wl_registry#2.global(47, "xdg_wm_dialog_v1", 1)
[1888260.212] wl_registry#2.global(48, "kde_external_brightness_v1", 3)
[1888260.216] wl_registry#2.global(49, "wp_alpha_modifier_v1", 1)
[1888260.219] wl_registry#2.global(50, "wl_fixes", 1)
[1888260.223] wl_registry#2.global(51, "wp_fifo_manager_v1", 1)
[1888260.226] wl_registry#2.global(52, "wp_single_pixel_buffer_manager_v1", 1)
[1888260.230] wl_registry#2.global(53, "xdg_toplevel_tag_manager_v1", 1)
[1888260.233] wl_registry#2.global(54, "wp_color_representation_manager_v1", 1)
[1888260.245] wl_registry#2.global(55, "wp_pointer_warp_v1", 1)
[1888260.249] wl_registry#2.global(57, "zwp_linux_dmabuf_v1", 5)
[1888260.253] wl_registry#2.global(58, "wp_linux_drm_syncobj_manager_v1", 1)
[1888260.256] wl_registry#2.global(60, "xdg_wm_base", 6)
[1888260.261] wl_registry#2.global(61, "zwlr_layer_shell_v1", 5)
[1888260.264] wl_registry#2.global(62, "org_kde_kwin_keystate", 5)
[1888260.269] wl_registry#2.global(63, "kde_output_device_v2", 20)
[1888260.273] wl_registry#2.global(64, "wl_output", 4)
[1888260.278]  -> wl_registry#2.bind(64, "wl_output", 3, new id [unknown]#11)
[1888260.288] wl_registry#2.global(65, "wp_drm_lease_device_v1", 1)
[1888260.291] wl_registry#2.global(66, "kde_output_order_v1", 1)
[1888260.296] wl_registry#2.global(67, "zwp_text_input_manager_v1", 1)
[1888260.301] wl_registry#2.global(68, "zwp_text_input_manager_v2", 1)
[1888260.304] wl_registry#2.global(69, "zwp_text_input_manager_v3", 1)
[1888260.419]  -> wl_registry#2.bind(69, "zwp_text_input_manager_v3", 1, new id [unknown]#12)
[1888260.427] wl_registry#2.global(71, "org_kde_kwin_blur_manager", 1)
[1888260.432] wl_registry#2.global(72, "org_kde_kwin_contrast_manager", 2)
[1888260.438] wl_registry#2.global(73, "org_kde_kwin_slide_manager", 1)
[1888260.442] wl_registry#2.global(74, "xdg_system_bell_v1", 1)
[1888260.448] wl_callback#3.done(11417)
[1888260.454]  -> wl_display#1.sync(new id wl_callback#3)
[1888260.535] {Display Queue} wl_display#1.delete_id(3)
[1888260.539] wl_shm#6.format(0)
[1888260.549] wl_shm#6.format(1)
[1888260.553] wl_shm#6.format(1448434008)
[1888260.557] wl_shm#6.format(808669761)
[1888260.560] wl_shm#6.format(808669784)
[1888260.562] wl_shm#6.format(808665665)
[1888260.568] wl_shm#6.format(808665688)
[1888260.570] wl_shm#6.format(942948929)
[wayland-client error] Attempted to dispatch unknown opcode 0 for wl_shm, aborting.
